Traceback (most recent call last):
  File "/home/sallyjunsongwang/.local/lib/python3.9/site-packages/slither/slither.py", line 84, in __init__
    crytic_compile = CryticCompile(target, **kwargs)
  File "/home/sallyjunsongwang/.local/lib/python3.9/site-packages/crytic_compile/crytic_compile.py", line 207, in __init__
    self._compile(**kwargs)
  File "/home/sallyjunsongwang/.local/lib/python3.9/site-packages/crytic_compile/crytic_compile.py", line 629, in _compile
    self._platform.compile(self, **kwargs)
  File "/home/sallyjunsongwang/.local/lib/python3.9/site-packages/crytic_compile/platform/solc.py", line 151, in compile
    targets_json = _get_targets_json(compilation_unit, self._target, **kwargs)
  File "/home/sallyjunsongwang/.local/lib/python3.9/site-packages/crytic_compile/platform/solc.py", line 280, in _get_targets_json
    return _run_solc(
  File "/home/sallyjunsongwang/.local/lib/python3.9/site-packages/crytic_compile/platform/solc.py", line 494, in _run_solc
    raise InvalidCompilation(f"{filename} is not the expected format '.sol'")
crytic_compile.platform.exceptions.InvalidCompilation: /home/sallyjunsongwang/SmartInv/tests/refined_analysis/additional_audited_bugs/22/contracts/.solhint.json is not the expected format '.sol'

During handling of the above exception, another exception occurred:

Traceback (most recent call last):
  File "/home/sallyjunsongwang/.local/lib/python3.9/site-packages/slither/__main__.py", line 731, in main_impl
    ) = process_single(filename, args, detector_classes, printer_classes)
  File "/home/sallyjunsongwang/.local/lib/python3.9/site-packages/slither/__main__.py", line 70, in process_single
    slither = Slither(target, ast_format=ast, **vars(args))
  File "/home/sallyjunsongwang/.local/lib/python3.9/site-packages/slither/slither.py", line 88, in __init__
    raise SlitherError(f"Invalid compilation: \n{str(e)}")
slither.exceptions.SlitherError: Invalid compilation: 
/home/sallyjunsongwang/SmartInv/tests/refined_analysis/additional_audited_bugs/22/contracts/.solhint.json is not the expected format '.sol'
[91mError:[0m
[91mInvalid compilation: 
/home/sallyjunsongwang/SmartInv/tests/refined_analysis/additional_audited_bugs/22/contracts/.solhint.json is not the expected format '.sol'[0m
Please report an issue to https://github.com/crytic/slither/issues
