'solc --version' running
'solc /home/sallyjunsongwang/SmartInv/tests/refined_analysis/additional_audited_bugs/59/src/contracts/Create2Deployer.sol --combined-json abi,ast,bin,bin-runtime,srcmap,srcmap-runtime,userdoc,devdoc' running
Compilation warnings/errors on /home/sallyjunsongwang/SmartInv/tests/refined_analysis/additional_audited_bugs/59/src/contracts/Create2Deployer.sol:
[91m/home/sallyjunsongwang/SmartInv/tests/refined_analysis/additional_audited_bugs/59/src/contracts/Create2Deployer.sol:9:22: Error: Assembly instruction required in front of "(")[0m
      addr := create2(0, add(code, 0x20), mload(code), salt)
                     ^
[91m/home/sallyjunsongwang/SmartInv/tests/refined_analysis/additional_audited_bugs/59/src/contracts/Create2Deployer.sol:10:7: Error: Expected token Semicolon got 'If'[0m
      if iszero(extcodesize(addr)) {
      ^

Traceback (most recent call last):
  File "/home/sallyjunsongwang/.local/lib/python3.9/site-packages/crytic_compile/platform/solc.py", line 582, in _run_solc
    ret: Dict = json.loads(stdout)
  File "/usr/lib/python3.9/json/__init__.py", line 346, in loads
    return _default_decoder.decode(s)
  File "/usr/lib/python3.9/json/decoder.py", line 337, in decode
    obj, end = self.raw_decode(s, idx=_w(s, 0).end())
  File "/usr/lib/python3.9/json/decoder.py", line 355, in raw_decode
    raise JSONDecodeError("Expecting value", s, err.value) from None
json.decoder.JSONDecodeError: Expecting value: line 1 column 1 (char 0)

During handling of the above exception, another exception occurred:

Traceback (most recent call last):
  File "/home/sallyjunsongwang/.local/lib/python3.9/site-packages/slither/__main__.py", line 744, in main_impl
    ) = process_all(filename, args, detector_classes, printer_classes)
  File "/home/sallyjunsongwang/.local/lib/python3.9/site-packages/slither/__main__.py", line 76, in process_all
    compilations = compile_all(target, **vars(args))
  File "/home/sallyjunsongwang/.local/lib/python3.9/site-packages/crytic_compile/crytic_compile.py", line 718, in compile_all
    compilations.append(CryticCompile(target, **kwargs))
  File "/home/sallyjunsongwang/.local/lib/python3.9/site-packages/crytic_compile/crytic_compile.py", line 207, in __init__
    self._compile(**kwargs)
  File "/home/sallyjunsongwang/.local/lib/python3.9/site-packages/crytic_compile/crytic_compile.py", line 629, in _compile
    self._platform.compile(self, **kwargs)
  File "/home/sallyjunsongwang/.local/lib/python3.9/site-packages/crytic_compile/platform/solc.py", line 151, in compile
    targets_json = _get_targets_json(compilation_unit, self._target, **kwargs)
  File "/home/sallyjunsongwang/.local/lib/python3.9/site-packages/crytic_compile/platform/solc.py", line 280, in _get_targets_json
    return _run_solc(
  File "/home/sallyjunsongwang/.local/lib/python3.9/site-packages/crytic_compile/platform/solc.py", line 586, in _run_solc
    raise InvalidCompilation(f"Invalid solc compilation {stderr}")
crytic_compile.platform.exceptions.InvalidCompilation: Invalid solc compilation /home/sallyjunsongwang/SmartInv/tests/refined_analysis/additional_audited_bugs/59/src/contracts/Create2Deployer.sol:9:22: Error: Assembly instruction required in front of "(")
      addr := create2(0, add(code, 0x20), mload(code), salt)
                     ^
/home/sallyjunsongwang/SmartInv/tests/refined_analysis/additional_audited_bugs/59/src/contracts/Create2Deployer.sol:10:7: Error: Expected token Semicolon got 'If'
      if iszero(extcodesize(addr)) {
      ^

None
Error in /home/sallyjunsongwang/SmartInv/tests/refined_analysis/additional_audited_bugs/59/src/contracts/Create2Deployer.sol
Traceback (most recent call last):
  File "/home/sallyjunsongwang/.local/lib/python3.9/site-packages/crytic_compile/platform/solc.py", line 582, in _run_solc
    ret: Dict = json.loads(stdout)
  File "/usr/lib/python3.9/json/__init__.py", line 346, in loads
    return _default_decoder.decode(s)
  File "/usr/lib/python3.9/json/decoder.py", line 337, in decode
    obj, end = self.raw_decode(s, idx=_w(s, 0).end())
  File "/usr/lib/python3.9/json/decoder.py", line 355, in raw_decode
    raise JSONDecodeError("Expecting value", s, err.value) from None
json.decoder.JSONDecodeError: Expecting value: line 1 column 1 (char 0)

During handling of the above exception, another exception occurred:

Traceback (most recent call last):
  File "/home/sallyjunsongwang/.local/lib/python3.9/site-packages/slither/__main__.py", line 744, in main_impl
    ) = process_all(filename, args, detector_classes, printer_classes)
  File "/home/sallyjunsongwang/.local/lib/python3.9/site-packages/slither/__main__.py", line 76, in process_all
    compilations = compile_all(target, **vars(args))
  File "/home/sallyjunsongwang/.local/lib/python3.9/site-packages/crytic_compile/crytic_compile.py", line 718, in compile_all
    compilations.append(CryticCompile(target, **kwargs))
  File "/home/sallyjunsongwang/.local/lib/python3.9/site-packages/crytic_compile/crytic_compile.py", line 207, in __init__
    self._compile(**kwargs)
  File "/home/sallyjunsongwang/.local/lib/python3.9/site-packages/crytic_compile/crytic_compile.py", line 629, in _compile
    self._platform.compile(self, **kwargs)
  File "/home/sallyjunsongwang/.local/lib/python3.9/site-packages/crytic_compile/platform/solc.py", line 151, in compile
    targets_json = _get_targets_json(compilation_unit, self._target, **kwargs)
  File "/home/sallyjunsongwang/.local/lib/python3.9/site-packages/crytic_compile/platform/solc.py", line 280, in _get_targets_json
    return _run_solc(
  File "/home/sallyjunsongwang/.local/lib/python3.9/site-packages/crytic_compile/platform/solc.py", line 586, in _run_solc
    raise InvalidCompilation(f"Invalid solc compilation {stderr}")
crytic_compile.platform.exceptions.InvalidCompilation: Invalid solc compilation /home/sallyjunsongwang/SmartInv/tests/refined_analysis/additional_audited_bugs/59/src/contracts/Create2Deployer.sol:9:22: Error: Assembly instruction required in front of "(")
      addr := create2(0, add(code, 0x20), mload(code), salt)
                     ^
/home/sallyjunsongwang/SmartInv/tests/refined_analysis/additional_audited_bugs/59/src/contracts/Create2Deployer.sol:10:7: Error: Expected token Semicolon got 'If'
      if iszero(extcodesize(addr)) {
      ^


