'solc --version' running
'solc /home/sallyjunsongwang/SmartInv/tests/refined_analysis/additional_audited_bugs/66/packages/contracts/contracts/Dependencies/TroveManagerBase.sol --combined-json abi,ast,bin,bin-runtime,srcmap,srcmap-runtime,userdoc,devdoc' running
Compilation warnings/errors on /home/sallyjunsongwang/SmartInv/tests/refined_analysis/additional_audited_bugs/66/packages/contracts/contracts/Dependencies/TroveManagerBase.sol:
[91m/home/sallyjunsongwang/SmartInv/tests/refined_analysis/additional_audited_bugs/66/packages/contracts/contracts/Dependencies/TroveManagerBase.sol:5:1: Error: Source "/home/sallyjunsongwang/SmartInv/tests/refined_analysis/additional_audited_bugs/66/packages/contracts/contracts/Interfaces/ITroveManager.sol" not found: File outside of allowed directories.[0m
import "../Interfaces/ITroveManager.sol";
^---------------------------------------^
[91m/home/sallyjunsongwang/SmartInv/tests/refined_analysis/additional_audited_bugs/66/packages/contracts/contracts/Dependencies/TroveManagerBase.sol:6:1: Error: Source "/home/sallyjunsongwang/SmartInv/tests/refined_analysis/additional_audited_bugs/66/packages/contracts/contracts/Interfaces/IStabilityPool.sol" not found: File outside of allowed directories.[0m
import "../Interfaces/IStabilityPool.sol";
^----------------------------------------^
[91m/home/sallyjunsongwang/SmartInv/tests/refined_analysis/additional_audited_bugs/66/packages/contracts/contracts/Dependencies/TroveManagerBase.sol:7:1: Error: Source "/home/sallyjunsongwang/SmartInv/tests/refined_analysis/additional_audited_bugs/66/packages/contracts/contracts/Interfaces/ICollSurplusPool.sol" not found: File outside of allowed directories.[0m
import "../Interfaces/ICollSurplusPool.sol";
^------------------------------------------^
[91m/home/sallyjunsongwang/SmartInv/tests/refined_analysis/additional_audited_bugs/66/packages/contracts/contracts/Dependencies/TroveManagerBase.sol:8:1: Error: Source "/home/sallyjunsongwang/SmartInv/tests/refined_analysis/additional_audited_bugs/66/packages/contracts/contracts/Interfaces/IYUSDToken.sol" not found: File outside of allowed directories.[0m
import "../Interfaces/IYUSDToken.sol";
^------------------------------------^
[91m/home/sallyjunsongwang/SmartInv/tests/refined_analysis/additional_audited_bugs/66/packages/contracts/contracts/Dependencies/TroveManagerBase.sol:9:1: Error: Source "/home/sallyjunsongwang/SmartInv/tests/refined_analysis/additional_audited_bugs/66/packages/contracts/contracts/Interfaces/ISortedTroves.sol" not found: File outside of allowed directories.[0m
import "../Interfaces/ISortedTroves.sol";
^---------------------------------------^
[91m/home/sallyjunsongwang/SmartInv/tests/refined_analysis/additional_audited_bugs/66/packages/contracts/contracts/Dependencies/TroveManagerBase.sol:10:1: Error: Source "/home/sallyjunsongwang/SmartInv/tests/refined_analysis/additional_audited_bugs/66/packages/contracts/contracts/Interfaces/IYETIToken.sol" not found: File outside of allowed directories.[0m
import "../Interfaces/IYETIToken.sol";
^------------------------------------^
[91m/home/sallyjunsongwang/SmartInv/tests/refined_analysis/additional_audited_bugs/66/packages/contracts/contracts/Dependencies/TroveManagerBase.sol:11:1: Error: Source "/home/sallyjunsongwang/SmartInv/tests/refined_analysis/additional_audited_bugs/66/packages/contracts/contracts/Interfaces/ISYETI.sol" not found: File outside of allowed directories.[0m
import "../Interfaces/ISYETI.sol";
^--------------------------------^
[91m/home/sallyjunsongwang/SmartInv/tests/refined_analysis/additional_audited_bugs/66/packages/contracts/contracts/Dependencies/TroveManagerBase.sol:12:1: Error: Source "/home/sallyjunsongwang/SmartInv/tests/refined_analysis/additional_audited_bugs/66/packages/contracts/contracts/Interfaces/IActivePool.sol" not found: File outside of allowed directories.[0m
import "../Interfaces/IActivePool.sol";
^-------------------------------------^
[91m/home/sallyjunsongwang/SmartInv/tests/refined_analysis/additional_audited_bugs/66/packages/contracts/contracts/Dependencies/TroveManagerBase.sol:13:1: Error: Source "/home/sallyjunsongwang/SmartInv/tests/refined_analysis/additional_audited_bugs/66/packages/contracts/contracts/Interfaces/ITroveManagerLiquidations.sol" not found: File outside of allowed directories.[0m
import "../Interfaces/ITroveManagerLiquidations.sol";
^---------------------------------------------------^
[91m/home/sallyjunsongwang/SmartInv/tests/refined_analysis/additional_audited_bugs/66/packages/contracts/contracts/Dependencies/TroveManagerBase.sol:14:1: Error: Source "/home/sallyjunsongwang/SmartInv/tests/refined_analysis/additional_audited_bugs/66/packages/contracts/contracts/Interfaces/ITroveManagerRedemptions.sol" not found: File outside of allowed directories.[0m
import "../Interfaces/ITroveManagerRedemptions.sol";
^--------------------------------------------------^
[91m/home/sallyjunsongwang/SmartInv/tests/refined_analysis/additional_audited_bugs/66/packages/contracts/contracts/Dependencies/CheckContract.sol:11:55: Error: Expected token LBrace got 'View'[0m
    function checkContract(address _account) internal view {
                                                      ^
[91m/home/sallyjunsongwang/SmartInv/tests/refined_analysis/additional_audited_bugs/66/packages/contracts/contracts/Dependencies/LiquityBase.sol:47:53: Error: Expected token LBrace got reserved keyword 'Pure'[0m
    function _getCompositeDebt(uint _debt) internal pure returns (uint) {
                                                    ^
[91m/home/sallyjunsongwang/SmartInv/tests/refined_analysis/additional_audited_bugs/66/packages/contracts/contracts/Dependencies/Ownable.sol:25:17: Error: Expected identifier, got 'LParen'[0m
    constructor () internal {
                ^

Traceback (most recent call last):
  File "/home/sallyjunsongwang/.local/lib/python3.9/site-packages/crytic_compile/platform/solc.py", line 582, in _run_solc
    ret: Dict = json.loads(stdout)
  File "/usr/lib/python3.9/json/__init__.py", line 346, in loads
    return _default_decoder.decode(s)
  File "/usr/lib/python3.9/json/decoder.py", line 337, in decode
    obj, end = self.raw_decode(s, idx=_w(s, 0).end())
  File "/usr/lib/python3.9/json/decoder.py", line 355, in raw_decode
    raise JSONDecodeError("Expecting value", s, err.value) from None
json.decoder.JSONDecodeError: Expecting value: line 1 column 1 (char 0)

During handling of the above exception, another exception occurred:

Traceback (most recent call last):
  File "/home/sallyjunsongwang/.local/lib/python3.9/site-packages/slither/__main__.py", line 744, in main_impl
    ) = process_all(filename, args, detector_classes, printer_classes)
  File "/home/sallyjunsongwang/.local/lib/python3.9/site-packages/slither/__main__.py", line 76, in process_all
    compilations = compile_all(target, **vars(args))
  File "/home/sallyjunsongwang/.local/lib/python3.9/site-packages/crytic_compile/crytic_compile.py", line 718, in compile_all
    compilations.append(CryticCompile(target, **kwargs))
  File "/home/sallyjunsongwang/.local/lib/python3.9/site-packages/crytic_compile/crytic_compile.py", line 207, in __init__
    self._compile(**kwargs)
  File "/home/sallyjunsongwang/.local/lib/python3.9/site-packages/crytic_compile/crytic_compile.py", line 629, in _compile
    self._platform.compile(self, **kwargs)
  File "/home/sallyjunsongwang/.local/lib/python3.9/site-packages/crytic_compile/platform/solc.py", line 151, in compile
    targets_json = _get_targets_json(compilation_unit, self._target, **kwargs)
  File "/home/sallyjunsongwang/.local/lib/python3.9/site-packages/crytic_compile/platform/solc.py", line 280, in _get_targets_json
    return _run_solc(
  File "/home/sallyjunsongwang/.local/lib/python3.9/site-packages/crytic_compile/platform/solc.py", line 586, in _run_solc
    raise InvalidCompilation(f"Invalid solc compilation {stderr}")
crytic_compile.platform.exceptions.InvalidCompilation: Invalid solc compilation /home/sallyjunsongwang/SmartInv/tests/refined_analysis/additional_audited_bugs/66/packages/contracts/contracts/Dependencies/TroveManagerBase.sol:5:1: Error: Source "/home/sallyjunsongwang/SmartInv/tests/refined_analysis/additional_audited_bugs/66/packages/contracts/contracts/Interfaces/ITroveManager.sol" not found: File outside of allowed directories.
import "../Interfaces/ITroveManager.sol";
^---------------------------------------^
/home/sallyjunsongwang/SmartInv/tests/refined_analysis/additional_audited_bugs/66/packages/contracts/contracts/Dependencies/TroveManagerBase.sol:6:1: Error: Source "/home/sallyjunsongwang/SmartInv/tests/refined_analysis/additional_audited_bugs/66/packages/contracts/contracts/Interfaces/IStabilityPool.sol" not found: File outside of allowed directories.
import "../Interfaces/IStabilityPool.sol";
^----------------------------------------^
/home/sallyjunsongwang/SmartInv/tests/refined_analysis/additional_audited_bugs/66/packages/contracts/contracts/Dependencies/TroveManagerBase.sol:7:1: Error: Source "/home/sallyjunsongwang/SmartInv/tests/refined_analysis/additional_audited_bugs/66/packages/contracts/contracts/Interfaces/ICollSurplusPool.sol" not found: File outside of allowed directories.
import "../Interfaces/ICollSurplusPool.sol";
^------------------------------------------^
/home/sallyjunsongwang/SmartInv/tests/refined_analysis/additional_audited_bugs/66/packages/contracts/contracts/Dependencies/TroveManagerBase.sol:8:1: Error: Source "/home/sallyjunsongwang/SmartInv/tests/refined_analysis/additional_audited_bugs/66/packages/contracts/contracts/Interfaces/IYUSDToken.sol" not found: File outside of allowed directories.
import "../Interfaces/IYUSDToken.sol";
^------------------------------------^
/home/sallyjunsongwang/SmartInv/tests/refined_analysis/additional_audited_bugs/66/packages/contracts/contracts/Dependencies/TroveManagerBase.sol:9:1: Error: Source "/home/sallyjunsongwang/SmartInv/tests/refined_analysis/additional_audited_bugs/66/packages/contracts/contracts/Interfaces/ISortedTroves.sol" not found: File outside of allowed directories.
import "../Interfaces/ISortedTroves.sol";
^---------------------------------------^
/home/sallyjunsongwang/SmartInv/tests/refined_analysis/additional_audited_bugs/66/packages/contracts/contracts/Dependencies/TroveManagerBase.sol:10:1: Error: Source "/home/sallyjunsongwang/SmartInv/tests/refined_analysis/additional_audited_bugs/66/packages/contracts/contracts/Interfaces/IYETIToken.sol" not found: File outside of allowed directories.
import "../Interfaces/IYETIToken.sol";
^------------------------------------^
/home/sallyjunsongwang/SmartInv/tests/refined_analysis/additional_audited_bugs/66/packages/contracts/contracts/Dependencies/TroveManagerBase.sol:11:1: Error: Source "/home/sallyjunsongwang/SmartInv/tests/refined_analysis/additional_audited_bugs/66/packages/contracts/contracts/Interfaces/ISYETI.sol" not found: File outside of allowed directories.
import "../Interfaces/ISYETI.sol";
^--------------------------------^
/home/sallyjunsongwang/SmartInv/tests/refined_analysis/additional_audited_bugs/66/packages/contracts/contracts/Dependencies/TroveManagerBase.sol:12:1: Error: Source "/home/sallyjunsongwang/SmartInv/tests/refined_analysis/additional_audited_bugs/66/packages/contracts/contracts/Interfaces/IActivePool.sol" not found: File outside of allowed directories.
import "../Interfaces/IActivePool.sol";
^-------------------------------------^
/home/sallyjunsongwang/SmartInv/tests/refined_analysis/additional_audited_bugs/66/packages/contracts/contracts/Dependencies/TroveManagerBase.sol:13:1: Error: Source "/home/sallyjunsongwang/SmartInv/tests/refined_analysis/additional_audited_bugs/66/packages/contracts/contracts/Interfaces/ITroveManagerLiquidations.sol" not found: File outside of allowed directories.
import "../Interfaces/ITroveManagerLiquidations.sol";
^---------------------------------------------------^
/home/sallyjunsongwang/SmartInv/tests/refined_analysis/additional_audited_bugs/66/packages/contracts/contracts/Dependencies/TroveManagerBase.sol:14:1: Error: Source "/home/sallyjunsongwang/SmartInv/tests/refined_analysis/additional_audited_bugs/66/packages/contracts/contracts/Interfaces/ITroveManagerRedemptions.sol" not found: File outside of allowed directories.
import "../Interfaces/ITroveManagerRedemptions.sol";
^--------------------------------------------------^
/home/sallyjunsongwang/SmartInv/tests/refined_analysis/additional_audited_bugs/66/packages/contracts/contracts/Dependencies/CheckContract.sol:11:55: Error: Expected token LBrace got 'View'
    function checkContract(address _account) internal view {
                                                      ^
/home/sallyjunsongwang/SmartInv/tests/refined_analysis/additional_audited_bugs/66/packages/contracts/contracts/Dependencies/LiquityBase.sol:47:53: Error: Expected token LBrace got reserved keyword 'Pure'
    function _getCompositeDebt(uint _debt) internal pure returns (uint) {
                                                    ^
/home/sallyjunsongwang/SmartInv/tests/refined_analysis/additional_audited_bugs/66/packages/contracts/contracts/Dependencies/Ownable.sol:25:17: Error: Expected identifier, got 'LParen'
    constructor () internal {
                ^

None
Error in /home/sallyjunsongwang/SmartInv/tests/refined_analysis/additional_audited_bugs/66/packages/contracts/contracts/Dependencies/TroveManagerBase.sol
Traceback (most recent call last):
  File "/home/sallyjunsongwang/.local/lib/python3.9/site-packages/crytic_compile/platform/solc.py", line 582, in _run_solc
    ret: Dict = json.loads(stdout)
  File "/usr/lib/python3.9/json/__init__.py", line 346, in loads
    return _default_decoder.decode(s)
  File "/usr/lib/python3.9/json/decoder.py", line 337, in decode
    obj, end = self.raw_decode(s, idx=_w(s, 0).end())
  File "/usr/lib/python3.9/json/decoder.py", line 355, in raw_decode
    raise JSONDecodeError("Expecting value", s, err.value) from None
json.decoder.JSONDecodeError: Expecting value: line 1 column 1 (char 0)

During handling of the above exception, another exception occurred:

Traceback (most recent call last):
  File "/home/sallyjunsongwang/.local/lib/python3.9/site-packages/slither/__main__.py", line 744, in main_impl
    ) = process_all(filename, args, detector_classes, printer_classes)
  File "/home/sallyjunsongwang/.local/lib/python3.9/site-packages/slither/__main__.py", line 76, in process_all
    compilations = compile_all(target, **vars(args))
  File "/home/sallyjunsongwang/.local/lib/python3.9/site-packages/crytic_compile/crytic_compile.py", line 718, in compile_all
    compilations.append(CryticCompile(target, **kwargs))
  File "/home/sallyjunsongwang/.local/lib/python3.9/site-packages/crytic_compile/crytic_compile.py", line 207, in __init__
    self._compile(**kwargs)
  File "/home/sallyjunsongwang/.local/lib/python3.9/site-packages/crytic_compile/crytic_compile.py", line 629, in _compile
    self._platform.compile(self, **kwargs)
  File "/home/sallyjunsongwang/.local/lib/python3.9/site-packages/crytic_compile/platform/solc.py", line 151, in compile
    targets_json = _get_targets_json(compilation_unit, self._target, **kwargs)
  File "/home/sallyjunsongwang/.local/lib/python3.9/site-packages/crytic_compile/platform/solc.py", line 280, in _get_targets_json
    return _run_solc(
  File "/home/sallyjunsongwang/.local/lib/python3.9/site-packages/crytic_compile/platform/solc.py", line 586, in _run_solc
    raise InvalidCompilation(f"Invalid solc compilation {stderr}")
crytic_compile.platform.exceptions.InvalidCompilation: Invalid solc compilation /home/sallyjunsongwang/SmartInv/tests/refined_analysis/additional_audited_bugs/66/packages/contracts/contracts/Dependencies/TroveManagerBase.sol:5:1: Error: Source "/home/sallyjunsongwang/SmartInv/tests/refined_analysis/additional_audited_bugs/66/packages/contracts/contracts/Interfaces/ITroveManager.sol" not found: File outside of allowed directories.
import "../Interfaces/ITroveManager.sol";
^---------------------------------------^
/home/sallyjunsongwang/SmartInv/tests/refined_analysis/additional_audited_bugs/66/packages/contracts/contracts/Dependencies/TroveManagerBase.sol:6:1: Error: Source "/home/sallyjunsongwang/SmartInv/tests/refined_analysis/additional_audited_bugs/66/packages/contracts/contracts/Interfaces/IStabilityPool.sol" not found: File outside of allowed directories.
import "../Interfaces/IStabilityPool.sol";
^----------------------------------------^
/home/sallyjunsongwang/SmartInv/tests/refined_analysis/additional_audited_bugs/66/packages/contracts/contracts/Dependencies/TroveManagerBase.sol:7:1: Error: Source "/home/sallyjunsongwang/SmartInv/tests/refined_analysis/additional_audited_bugs/66/packages/contracts/contracts/Interfaces/ICollSurplusPool.sol" not found: File outside of allowed directories.
import "../Interfaces/ICollSurplusPool.sol";
^------------------------------------------^
/home/sallyjunsongwang/SmartInv/tests/refined_analysis/additional_audited_bugs/66/packages/contracts/contracts/Dependencies/TroveManagerBase.sol:8:1: Error: Source "/home/sallyjunsongwang/SmartInv/tests/refined_analysis/additional_audited_bugs/66/packages/contracts/contracts/Interfaces/IYUSDToken.sol" not found: File outside of allowed directories.
import "../Interfaces/IYUSDToken.sol";
^------------------------------------^
/home/sallyjunsongwang/SmartInv/tests/refined_analysis/additional_audited_bugs/66/packages/contracts/contracts/Dependencies/TroveManagerBase.sol:9:1: Error: Source "/home/sallyjunsongwang/SmartInv/tests/refined_analysis/additional_audited_bugs/66/packages/contracts/contracts/Interfaces/ISortedTroves.sol" not found: File outside of allowed directories.
import "../Interfaces/ISortedTroves.sol";
^---------------------------------------^
/home/sallyjunsongwang/SmartInv/tests/refined_analysis/additional_audited_bugs/66/packages/contracts/contracts/Dependencies/TroveManagerBase.sol:10:1: Error: Source "/home/sallyjunsongwang/SmartInv/tests/refined_analysis/additional_audited_bugs/66/packages/contracts/contracts/Interfaces/IYETIToken.sol" not found: File outside of allowed directories.
import "../Interfaces/IYETIToken.sol";
^------------------------------------^
/home/sallyjunsongwang/SmartInv/tests/refined_analysis/additional_audited_bugs/66/packages/contracts/contracts/Dependencies/TroveManagerBase.sol:11:1: Error: Source "/home/sallyjunsongwang/SmartInv/tests/refined_analysis/additional_audited_bugs/66/packages/contracts/contracts/Interfaces/ISYETI.sol" not found: File outside of allowed directories.
import "../Interfaces/ISYETI.sol";
^--------------------------------^
/home/sallyjunsongwang/SmartInv/tests/refined_analysis/additional_audited_bugs/66/packages/contracts/contracts/Dependencies/TroveManagerBase.sol:12:1: Error: Source "/home/sallyjunsongwang/SmartInv/tests/refined_analysis/additional_audited_bugs/66/packages/contracts/contracts/Interfaces/IActivePool.sol" not found: File outside of allowed directories.
import "../Interfaces/IActivePool.sol";
^-------------------------------------^
/home/sallyjunsongwang/SmartInv/tests/refined_analysis/additional_audited_bugs/66/packages/contracts/contracts/Dependencies/TroveManagerBase.sol:13:1: Error: Source "/home/sallyjunsongwang/SmartInv/tests/refined_analysis/additional_audited_bugs/66/packages/contracts/contracts/Interfaces/ITroveManagerLiquidations.sol" not found: File outside of allowed directories.
import "../Interfaces/ITroveManagerLiquidations.sol";
^---------------------------------------------------^
/home/sallyjunsongwang/SmartInv/tests/refined_analysis/additional_audited_bugs/66/packages/contracts/contracts/Dependencies/TroveManagerBase.sol:14:1: Error: Source "/home/sallyjunsongwang/SmartInv/tests/refined_analysis/additional_audited_bugs/66/packages/contracts/contracts/Interfaces/ITroveManagerRedemptions.sol" not found: File outside of allowed directories.
import "../Interfaces/ITroveManagerRedemptions.sol";
^--------------------------------------------------^
/home/sallyjunsongwang/SmartInv/tests/refined_analysis/additional_audited_bugs/66/packages/contracts/contracts/Dependencies/CheckContract.sol:11:55: Error: Expected token LBrace got 'View'
    function checkContract(address _account) internal view {
                                                      ^
/home/sallyjunsongwang/SmartInv/tests/refined_analysis/additional_audited_bugs/66/packages/contracts/contracts/Dependencies/LiquityBase.sol:47:53: Error: Expected token LBrace got reserved keyword 'Pure'
    function _getCompositeDebt(uint _debt) internal pure returns (uint) {
                                                    ^
/home/sallyjunsongwang/SmartInv/tests/refined_analysis/additional_audited_bugs/66/packages/contracts/contracts/Dependencies/Ownable.sol:25:17: Error: Expected identifier, got 'LParen'
    constructor () internal {
                ^


